[0.407s] Invoking command in '/home/mocha1410/ros2_ws/src/ROS2-Drone-Basic-Course-for-Beginners/drone_driver/build/drone_driver': PYTHONPATH=/home/mocha1410/ros2_ws/src/ROS2-Drone-Basic-Course-for-Beginners/drone_driver/build/drone_driver/prefix_override:/usr/lib/python3/dist-packages/colcon_core/task/python/colcon_distutils_commands:/home/mocha1410/ros2_ws/src/ROS2-Drone-Basic-Course-for-Beginners/drone_driver/install/drone_driver/lib/python3.10/site-packages:${PYTHONPATH} /usr/bin/python3 -W ignore:setup.py install is deprecated -W ignore:easy_install command is deprecated setup.py develop --editable --build-directory /home/mocha1410/ros2_ws/src/ROS2-Drone-Basic-Course-for-Beginners/drone_driver/build/drone_driver/build --no-deps symlink_data
[0.572s] running develop
[0.665s] running egg_info
[0.665s] creating drone_driver.egg-info
[0.665s] writing drone_driver.egg-info/PKG-INFO
[0.665s] writing dependency_links to drone_driver.egg-info/dependency_links.txt
[0.665s] writing entry points to drone_driver.egg-info/entry_points.txt
[0.665s] writing requirements to drone_driver.egg-info/requires.txt
[0.665s] writing top-level names to drone_driver.egg-info/top_level.txt
[0.665s] writing manifest file 'drone_driver.egg-info/SOURCES.txt'
[0.666s] reading manifest file 'drone_driver.egg-info/SOURCES.txt'
[0.667s] writing manifest file 'drone_driver.egg-info/SOURCES.txt'
[0.668s] running build_ext
[0.668s] Creating /home/mocha1410/ros2_ws/src/ROS2-Drone-Basic-Course-for-Beginners/drone_driver/install/drone_driver/lib/python3.10/site-packages/drone-driver.egg-link (link to .)
[0.668s] Installing drone_controller script to /home/mocha1410/ros2_ws/src/ROS2-Drone-Basic-Course-for-Beginners/drone_driver/install/drone_driver/lib/drone_driver
[0.669s] 
[0.669s] Installed /home/mocha1410/ros2_ws/src/ROS2-Drone-Basic-Course-for-Beginners/drone_driver/build/drone_driver
[0.669s] running symlink_data
[0.669s] creating /home/mocha1410/ros2_ws/src/ROS2-Drone-Basic-Course-for-Beginners/drone_driver/install/drone_driver/share/ament_index
[0.669s] creating /home/mocha1410/ros2_ws/src/ROS2-Drone-Basic-Course-for-Beginners/drone_driver/install/drone_driver/share/ament_index/resource_index
[0.669s] creating /home/mocha1410/ros2_ws/src/ROS2-Drone-Basic-Course-for-Beginners/drone_driver/install/drone_driver/share/ament_index/resource_index/packages
[0.669s] symbolically linking /home/mocha1410/ros2_ws/src/ROS2-Drone-Basic-Course-for-Beginners/drone_driver/build/drone_driver/resource/drone_driver -> /home/mocha1410/ros2_ws/src/ROS2-Drone-Basic-Course-for-Beginners/drone_driver/install/drone_driver/share/ament_index/resource_index/packages
[0.669s] symbolically linking /home/mocha1410/ros2_ws/src/ROS2-Drone-Basic-Course-for-Beginners/drone_driver/build/drone_driver/package.xml -> /home/mocha1410/ros2_ws/src/ROS2-Drone-Basic-Course-for-Beginners/drone_driver/install/drone_driver/share/drone_driver
[0.686s] Invoked command in '/home/mocha1410/ros2_ws/src/ROS2-Drone-Basic-Course-for-Beginners/drone_driver/build/drone_driver' returned '0': PYTHONPATH=/home/mocha1410/ros2_ws/src/ROS2-Drone-Basic-Course-for-Beginners/drone_driver/build/drone_driver/prefix_override:/usr/lib/python3/dist-packages/colcon_core/task/python/colcon_distutils_commands:/home/mocha1410/ros2_ws/src/ROS2-Drone-Basic-Course-for-Beginners/drone_driver/install/drone_driver/lib/python3.10/site-packages:${PYTHONPATH} /usr/bin/python3 -W ignore:setup.py install is deprecated -W ignore:easy_install command is deprecated setup.py develop --editable --build-directory /home/mocha1410/ros2_ws/src/ROS2-Drone-Basic-Course-for-Beginners/drone_driver/build/drone_driver/build --no-deps symlink_data
